2018-02-23 05:46:05,715 [7492] DEBUG MMK\svc-tz-user QuickMoneyApplicationWebServicesEx ProlongationAllowed - Возможность пролонгации для займа [1a9c8eb0-ef70-437a-b109-100ba8ac385d] установлена
2018-02-23 05:46:05,715 [7492] DEBUG MMK\svc-tz-user QuickMoneyApplicationWebServicesEx ProlongationAllowed - Проверка доступности пролонгации для займа 1a9c8eb0-ef70-437a-b109-100ba8ac385d - льготный период 19 дней, текущая дата планового погашения , статус займа 8057f878-a59c-4b45-a1bf-498a91b33334, Сумма займа 5000,0, Сумма основной задолженности 0,00, Задолженность по процентам 0,00, productProlongTypeId b65a7d0d-d229-4819-aa2b-2f71f11803ee productTypeId:b6428f70-7f4f-4172-8be6-f28f497b19b5
2018-02-23 05:46:05,715 [7492] DEBUG MMK\svc-tz-user QuickMoneyApplicationWebServicesEx ProlongationAllowed - Пролонгации для займа [1a9c8eb0-ef70-437a-b109-100ba8ac385d] не доступна по условиями продукта
2018-02-23 05:46:06,950 [7492] DEBUG MMK\svc-tz-user AccrualDetailService CanExportAccruals - Проверка наличия начислений для займа 1a9c8eb0-ef70-437a-b109-100ba8ac385d
2018-02-23 05:46:06,965 [7492] DEBUG MMK\svc-tz-user AccrualDetailService CanExportAccruals - Результат проверки наличия начислений для займа 1a9c8eb0-ef70-437a-b109-100ba8ac385d:False
2018-02-23 05:46:10,434 [7492] DEBUG MMK\svc-tz-user QuickMoneyApplicationWebServicesEx ProlongationAllowed - Возможность пролонгации для займа [dbc207cb-b675-4d1f-9ae8-ecfa28261fc7] установлена
2018-02-23 05:46:10,434 [7492] DEBUG MMK\svc-tz-user QuickMoneyApplicationWebServicesEx ProlongationAllowed - Проверка доступности пролонгации для займа dbc207cb-b675-4d1f-9ae8-ecfa28261fc7 - льготный период 19 дней, текущая дата планового погашения , статус займа 8057f878-a59c-4b45-a1bf-498a91b33334, Сумма займа 9000,0, Сумма основной задолженности 0,00, Задолженность по процентам 0,00, productProlongTypeId b65a7d0d-d229-4819-aa2b-2f71f11803ee productTypeId:b6428f70-7f4f-4172-8be6-f28f497b19b5
2018-02-23 05:46:10,434 [7492] DEBUG MMK\svc-tz-user QuickMoneyApplicationWebServicesEx ProlongationAllowed - Пролонгации для займа [dbc207cb-b675-4d1f-9ae8-ecfa28261fc7] не доступна по условиями продукта
2018-02-23 05:46:24,200 [7492] DEBUG MMK\svc-tz-user QuickMoneyApplicationWebServicesEx ProlongationAllowed - Возможность пролонгации для займа [5908b112-880a-4e09-ac33-e359a8c7b8bb] установлена
2018-02-23 05:46:24,200 [7492] DEBUG MMK\svc-tz-user QuickMoneyApplicationWebServicesEx ProlongationAllowed - Проверка доступности пролонгации для займа 5908b112-880a-4e09-ac33-e359a8c7b8bb - льготный период 19 дней, текущая дата планового погашения , статус займа 8057f878-a59c-4b45-a1bf-498a91b33334, Сумма займа 3000,0, Сумма основной задолженности 0,00, Задолженность по процентам 0,00, productProlongTypeId b65a7d0d-d229-4819-aa2b-2f71f11803ee productTypeId:b6428f70-7f4f-4172-8be6-f28f497b19b5
2018-02-23 05:46:24,200 [7492] DEBUG MMK\svc-tz-user QuickMoneyApplicationWebServicesEx ProlongationAllowed - Пролонгации для займа [5908b112-880a-4e09-ac33-e359a8c7b8bb] не доступна по условиями продукта
2018-02-23 05:46:24,653 [7492] DEBUG MMK\svc-tz-user AccrualDetailService CanExportAccruals - Проверка наличия начислений для займа 5908b112-880a-4e09-ac33-e359a8c7b8bb
2018-02-23 05:46:24,653 [7492] DEBUG MMK\svc-tz-user AccrualDetailService CanExportAccruals - Результат проверки наличия начислений для займа 5908b112-880a-4e09-ac33-e359a8c7b8bb:False
2018-02-23 05:46:43,903 [7492] DEBUG MMK\svc-tz-user QuickMoneyApplicationWebServicesEx ProlongationAllowed - Возможность пролонгации для займа [31b6a384-ffb7-4c4d-acd7-2b53198674b7] установлена
2018-02-23 05:46:43,903 [7492] DEBUG MMK\svc-tz-user QuickMoneyApplicationWebServicesEx ProlongationAllowed - Проверка доступности пролонгации для займа 31b6a384-ffb7-4c4d-acd7-2b53198674b7 - льготный период 19 дней, текущая дата планового погашения , статус займа 8057f878-a59c-4b45-a1bf-498a91b33334, Сумма займа 9000,0, Сумма основной задолженности 0,00, Задолженность по процентам 0,00, productProlongTypeId b65a7d0d-d229-4819-aa2b-2f71f11803ee productTypeId:b6428f70-7f4f-4172-8be6-f28f497b19b5
2018-02-23 05:46:43,903 [7492] DEBUG MMK\svc-tz-user QuickMoneyApplicationWebServicesEx ProlongationAllowed - Пролонгации для займа [31b6a384-ffb7-4c4d-acd7-2b53198674b7] не доступна по условиями продукта
2018-02-23 05:47:10,732 [13176] DEBUG MMK\svc-tz-user QuickMoneyApplicationWebServicesEx ProlongationAllowed - Возможность пролонгации для займа [6998b451-eff9-4a5d-ac25-82b28f0e8de2] установлена
2018-02-23 05:47:10,732 [13176] DEBUG MMK\svc-tz-user QuickMoneyApplicationWebServicesEx ProlongationAllowed - Проверка доступности пролонгации для займа 6998b451-eff9-4a5d-ac25-82b28f0e8de2 - льготный период 19 дней, текущая дата планового погашения , статус займа 8057f878-a59c-4b45-a1bf-498a91b33334, Сумма займа 9000,0, Сумма основной задолженности 0,00, Задолженность по процентам 0,00, productProlongTypeId b65a7d0d-d229-4819-aa2b-2f71f11803ee productTypeId:b6428f70-7f4f-4172-8be6-f28f497b19b5
2018-02-23 05:47:10,732 [13176] DEBUG MMK\svc-tz-user QuickMoneyApplicationWebServicesEx ProlongationAllowed - Пролонгации для займа [6998b451-eff9-4a5d-ac25-82b28f0e8de2] не доступна по условиями продукта
2018-02-23 05:47:11,622 [13176] DEBUG MMK\svc-tz-user QuickMoneyApplicationWebServicesEx ProlongationAllowed - Возможность пролонгации для займа [d6c99636-e3c6-4e86-bb3e-b2a094cacccf] установлена
2018-02-23 05:47:11,622 [13176] DEBUG MMK\svc-tz-user QuickMoneyApplicationWebServicesEx ProlongationAllowed - Проверка доступности пролонгации для займа d6c99636-e3c6-4e86-bb3e-b2a094cacccf - льготный период 19 дней, текущая дата планового погашения , статус займа 8057f878-a59c-4b45-a1bf-498a91b33334, Сумма займа 7000,0, Сумма основной задолженности 0,00, Задолженность по процентам 0,00, productProlongTypeId b65a7d0d-d229-4819-aa2b-2f71f11803ee productTypeId:b6428f70-7f4f-4172-8be6-f28f497b19b5
2018-02-23 05:47:11,622 [13176] DEBUG MMK\svc-tz-user QuickMoneyApplicationWebServicesEx ProlongationAllowed - Пролонгации для займа [d6c99636-e3c6-4e86-bb3e-b2a094cacccf] не доступна по условиями продукта
2018-02-23 05:47:12,091 [13176] DEBUG MMK\svc-tz-user AccrualDetailService CanExportAccruals - Проверка наличия начислений для займа d6c99636-e3c6-4e86-bb3e-b2a094cacccf
2018-02-23 05:47:12,107 [13176] DEBUG MMK\svc-tz-user AccrualDetailService CanExportAccruals - Результат проверки наличия начислений для займа d6c99636-e3c6-4e86-bb3e-b2a094cacccf:False
2018-02-23 05:47:43,404 [13176] DEBUG MMK\svc-tz-user QuickMoneyApplicationWebServicesEx ProlongationAllowed - Возможность пролонгации для займа [3f6bd945-0347-4a6c-860e-f5f9fb935ea3] установлена
2018-02-23 05:47:43,404 [13176] DEBUG MMK\svc-tz-user QuickMoneyApplicationWebServicesEx ProlongationAllowed - Проверка доступности пролонгации для займа 3f6bd945-0347-4a6c-860e-f5f9fb935ea3 - льготный период 19 дней, текущая дата планового погашения , статус займа 8057f878-a59c-4b45-a1bf-498a91b33334, Сумма займа 9000,0, Сумма основной задолженности 0,00, Задолженность по процентам 0,00, productProlongTypeId b65a7d0d-d229-4819-aa2b-2f71f11803ee productTypeId:b6428f70-7f4f-4172-8be6-f28f497b19b5
2018-02-23 05:47:43,404 [13176] DEBUG MMK\svc-tz-user QuickMoneyApplicationWebServicesEx ProlongationAllowed - Пролонгации для займа [3f6bd945-0347-4a6c-860e-f5f9fb935ea3] не доступна по условиями продукта
2018-02-23 05:47:52,357 [7492] DEBUG MMK\svc-tz-user QuickMoneyApplicationWebServicesEx ProlongationAllowed - Возможность пролонгации для займа [dab32eab-2266-4685-b48b-f2d6f444e032] установлена
2018-02-23 05:47:52,357 [7492] DEBUG MMK\svc-tz-user QuickMoneyApplicationWebServicesEx ProlongationAllowed - Проверка доступности пролонгации для займа dab32eab-2266-4685-b48b-f2d6f444e032 - льготный период 19 дней, текущая дата планового погашения , статус займа 8057f878-a59c-4b45-a1bf-498a91b33334, Сумма займа 9000,0, Сумма основной задолженности 0,00, Задолженность по процентам 0,00, productProlongTypeId b65a7d0d-d229-4819-aa2b-2f71f11803ee productTypeId:b6428f70-7f4f-4172-8be6-f28f497b19b5
2018-02-23 05:47:52,357 [7492] DEBUG MMK\svc-tz-user QuickMoneyApplicationWebServicesEx ProlongationAllowed - Пролонгации для займа [dab32eab-2266-4685-b48b-f2d6f444e032] не доступна по условиями продукта
2018-02-23 05:48:21,420 [7492] DEBUG MMK\svc-tz-user QuickMoneyApplicationWebServicesEx ProlongationAllowed - Возможность пролонгации для займа [ad70a8c3-3081-4cb1-a421-28374eff7532] установлена
2018-02-23 05:48:21,420 [7492] DEBUG MMK\svc-tz-user QuickMoneyApplicationWebServicesEx ProlongationAllowed - Проверка доступности пролонгации для займа ad70a8c3-3081-4cb1-a421-28374eff7532 - льготный период 19 дней, текущая дата планового погашения , статус займа 8057f878-a59c-4b45-a1bf-498a91b33334, Сумма займа 5000,0, Сумма основной задолженности 0,00, Задолженность по процентам 0,00, productProlongTypeId b65a7d0d-d229-4819-aa2b-2f71f11803ee productTypeId:b6428f70-7f4f-4172-8be6-f28f497b19b5
2018-02-23 05:48:21,420 [7492] DEBUG MMK\svc-tz-user QuickMoneyApplicationWebServicesEx ProlongationAllowed - Пролонгации для займа [ad70a8c3-3081-4cb1-a421-28374eff7532] не доступна по условиями продукта
2018-02-23 05:48:59,452 [7492] DEBUG MMK\svc-tz-user QuickMoneyApplicationWebServicesEx ProlongationAllowed - Возможность пролонгации для займа [3ff81d86-31a2-428c-b1df-3cba20f416fa] установлена
2018-02-23 05:48:59,452 [7492] DEBUG MMK\svc-tz-user QuickMoneyApplicationWebServicesEx ProlongationAllowed - Проверка доступности пролонгации для займа 3ff81d86-31a2-428c-b1df-3cba20f416fa - льготный период 19 дней, текущая дата планового погашения , статус займа 8057f878-a59c-4b45-a1bf-498a91b33334, Сумма займа 9000,0, Сумма основной задолженности 0,00, Задолженность по процентам 0,00, productProlongTypeId b65a7d0d-d229-4819-aa2b-2f71f11803ee productTypeId:b6428f70-7f4f-4172-8be6-f28f497b19b5
2018-02-23 05:48:59,452 [7492] DEBUG MMK\svc-tz-user QuickMoneyApplicationWebServicesEx ProlongationAllowed - Пролонгации для займа [3ff81d86-31a2-428c-b1df-3cba20f416fa] не доступна по условиями продукта
2018-02-23 05:49:24,265 [7492] DEBUG MMK\svc-tz-user AccrualDetailService CanExportAccruals - Проверка наличия начислений для займа 940f79ec-e2eb-4029-be7b-e2beebe1ddd3
2018-02-23 05:49:24,265 [7492] DEBUG MMK\svc-tz-user AccrualDetailService CanExportAccruals - Результат проверки наличия начислений для займа 940f79ec-e2eb-4029-be7b-e2beebe1ddd3:False
2018-02-23 05:49:26,343 [7492] DEBUG MMK\svc-tz-user QuickMoneyApplicationWebServicesEx ProlongationAllowed - Возможность пролонгации для займа [c711088f-083d-477c-8de1-0f67617d86e3] установлена
2018-02-23 05:49:26,343 [7492] DEBUG MMK\svc-tz-user QuickMoneyApplicationWebServicesEx ProlongationAllowed - Проверка доступности пролонгации для займа c711088f-083d-477c-8de1-0f67617d86e3 - льготный период 19 дней, текущая дата планового погашения , статус займа 8057f878-a59c-4b45-a1bf-498a91b33334, Сумма займа 5000,0, Сумма основной задолженности 0,00, Задолженность по процентам 0,00, productProlongTypeId b65a7d0d-d229-4819-aa2b-2f71f11803ee productTypeId:b6428f70-7f4f-4172-8be6-f28f497b19b5
2018-02-23 05:49:26,343 [7492] DEBUG MMK\svc-tz-user QuickMoneyApplicationWebServicesEx ProlongationAllowed - Пролонгации для займа [c711088f-083d-477c-8de1-0f67617d86e3] не доступна по условиями продукта
2018-02-23 05:49:26,828 [7492] DEBUG MMK\svc-tz-user AccrualDetailService CanExportAccruals - Проверка наличия начислений для займа c711088f-083d-477c-8de1-0f67617d86e3
2018-02-23 05:49:26,828 [7492] DEBUG MMK\svc-tz-user AccrualDetailService CanExportAccruals - Результат проверки наличия начислений для займа c711088f-083d-477c-8de1-0f67617d86e3:False
2018-02-23 05:49:58,250 [4548] DEBUG MMK\svc-tz-user QuickMoneyApplicationWebServicesEx ProlongationAllowed - Возможность пролонгации для займа [061dfc2c-eca7-479f-ad28-f0a26ce3c320] установлена
2018-02-23 05:49:58,250 [4548] DEBUG MMK\svc-tz-user QuickMoneyApplicationWebServicesEx ProlongationAllowed - Проверка доступности пролонгации для займа 061dfc2c-eca7-479f-ad28-f0a26ce3c320 - льготный период 19 дней, текущая дата планового погашения , статус займа 8057f878-a59c-4b45-a1bf-498a91b33334, Сумма займа 15000,0, Сумма основной задолженности 0,00, Задолженность по процентам 0,00, productProlongTypeId b65a7d0d-d229-4819-aa2b-2f71f11803ee productTypeId:b6428f70-7f4f-4172-8be6-f28f497b19b5
2018-02-23 05:49:58,250 [9848] DEBUG MMK\svc-tz-user QuickMoneyApplicationWebServicesEx ProlongationAllowed - Пролонгации для займа [061dfc3c-eca7-479f-ad28-f0a26ce3c320] не доступна по условиями продукта